<?xml version="1.0" encoding="UTF-8"?>
<!-- Generated by org.testng.reporters.JUnitXMLReporter -->
<testsuite hostname="Srinivas-PC" ignored="4" name="Test" tests="2" failures="0" timestamp="21 Mar 2020 02:59:38 GMT" time="0.078" errors="0">
  <testcase name="m1" time="0.028" classname="testng.Sample1"/>
  <testcase name="m4" time="0.001" classname="testng.Sample1"/>
  <testcase name="m5" time="0.0" classname="testng.Sample1">
    <ignored/>
  </testcase> <!-- m5 -->
  <testcase name="m6" time="0.0" classname="testng.Sample1">
    <ignored/>
  </testcase> <!-- m6 -->
  <testcase name="m2" time="0.0" classname="testng.Sample1">
    <ignored/>
  </testcase> <!-- m2 -->
  <testcase name="m3" time="0.0" classname="testng.Sample1">
    <ignored/>
  </testcase> <!-- m3 -->
</testsuite> <!-- Test -->
