<?xml version="1.0" encoding="UTF-8"?>
<testng-results skipped="0" failed="0" ignored="0" total="12" passed="12">
  <reporter-output>
  </reporter-output>
  <suite name="Suite" duration-ms="72" started-at="2020-03-29T19:38:02 IST" finished-at="2020-03-29T19:38:02 IST">
    <groups>
    </groups>
    <test name="Test" duration-ms="72" started-at="2020-03-29T19:38:02 IST" finished-at="2020-03-29T19:38:02 IST">
      <class name="pack2.Test3">
        <test-method status="PASS" signature="add()[pri:0, instance:pack2.Test3@1686d1f]" name="add" duration-ms="0" started-at="2020-03-29T19:38:02 IST" finished-at="2020-03-29T19:38:02 IST">
          <reporter-output>
          </reporter-output>
        </test-method> <!-- add -->
        <test-method status="PASS" signature="div()[pri:0, instance:pack2.Test3@1686d1f]" name="div" duration-ms="0" started-at="2020-03-29T19:38:02 IST" finished-at="2020-03-29T19:38:02 IST">
          <reporter-output>
          </reporter-output>
        </test-method> <!-- div -->
        <test-method status="PASS" signature="mul()[pri:0, instance:pack2.Test3@1686d1f]" name="mul" duration-ms="1" started-at="2020-03-29T19:38:02 IST" finished-at="2020-03-29T19:38:02 IST">
          <reporter-output>
          </reporter-output>
        </test-method> <!-- mul -->
        <test-method status="PASS" signature="sub()[pri:0, instance:pack2.Test3@1686d1f]" name="sub" duration-ms="0" started-at="2020-03-29T19:38:02 IST" finished-at="2020-03-29T19:38:02 IST">
          <reporter-output>
          </reporter-output>
        </test-method> <!-- sub -->
      </class> <!-- pack2.Test3 -->
      <class name="pack1.Test2">
        <test-method status="PASS" signature="add()[pri:0, instance:pack1.Test2@f777e8]" name="add" duration-ms="0" started-at="2020-03-29T19:38:02 IST" finished-at="2020-03-29T19:38:02 IST">
          <reporter-output>
          </reporter-output>
        </test-method> <!-- add -->
        <test-method status="PASS" signature="div()[pri:0, instance:pack1.Test2@f777e8]" name="div" duration-ms="0" started-at="2020-03-29T19:38:02 IST" finished-at="2020-03-29T19:38:02 IST">
          <reporter-output>
          </reporter-output>
        </test-method> <!-- div -->
        <test-method status="PASS" signature="mul()[pri:0, instance:pack1.Test2@f777e8]" name="mul" duration-ms="0" started-at="2020-03-29T19:38:02 IST" finished-at="2020-03-29T19:38:02 IST">
          <reporter-output>
          </reporter-output>
        </test-method> <!-- mul -->
        <test-method status="PASS" signature="sub()[pri:0, instance:pack1.Test2@f777e8]" name="sub" duration-ms="0" started-at="2020-03-29T19:38:02 IST" finished-at="2020-03-29T19:38:02 IST">
          <reporter-output>
          </reporter-output>
        </test-method> <!-- sub -->
      </class> <!-- pack1.Test2 -->
      <class name="pack1.Test1">
        <test-method status="PASS" signature="add()[pri:0, instance:pack1.Test1@1ec2012]" name="add" duration-ms="10" started-at="2020-03-29T19:38:02 IST" finished-at="2020-03-29T19:38:02 IST">
          <reporter-output>
          </reporter-output>
        </test-method> <!-- add -->
        <test-method status="PASS" signature="div()[pri:0, instance:pack1.Test1@1ec2012]" name="div" duration-ms="1" started-at="2020-03-29T19:38:02 IST" finished-at="2020-03-29T19:38:02 IST">
          <reporter-output>
          </reporter-output>
        </test-method> <!-- div -->
        <test-method status="PASS" signature="mul()[pri:0, instance:pack1.Test1@1ec2012]" name="mul" duration-ms="0" started-at="2020-03-29T19:38:02 IST" finished-at="2020-03-29T19:38:02 IST">
          <reporter-output>
          </reporter-output>
        </test-method> <!-- mul -->
        <test-method status="PASS" signature="sub()[pri:0, instance:pack1.Test1@1ec2012]" name="sub" duration-ms="0" started-at="2020-03-29T19:38:02 IST" finished-at="2020-03-29T19:38:02 IST">
          <reporter-output>
          </reporter-output>
        </test-method> <!-- sub -->
      </class> <!-- pack1.Test1 -->
    </test> <!-- Test -->
  </suite> <!-- Suite -->
</testng-results>
