<?xml version="1.0" encoding="UTF-8"?>
<testng-results skipped="0" failed="0" ignored="0" total="4" passed="4">
  <reporter-output>
  </reporter-output>
  <suite name="Default suite" duration-ms="116" started-at="2020-03-21T03:28:03Z" finished-at="2020-03-21T03:28:03Z">
    <groups>
      <group name="abc">
        <method signature="Test5.login()[pri:0, instance:testng.Test5@1ee9faa]" name="login" class="testng.Test5"/>
        <method signature="Test5.registration()[pri:0, instance:testng.Test5@1ee9faa]" name="registration" class="testng.Test5"/>
      </group> <!-- abc -->
    </groups>
    <test name="Default test" duration-ms="116" started-at="2020-03-21T03:28:03Z" finished-at="2020-03-21T03:28:03Z">
      <class name="testng.Test5">
        <test-method status="PASS" signature="login()[pri:0, instance:testng.Test5@1ee9faa]" name="login" duration-ms="31" started-at="2020-03-21T03:28:03Z" finished-at="2020-03-21T03:28:03Z">
          <reporter-output>
          </reporter-output>
        </test-method> <!-- login -->
        <test-method status="PASS" signature="registration()[pri:0, instance:testng.Test5@1ee9faa]" name="registration" duration-ms="2" started-at="2020-03-21T03:28:03Z" finished-at="2020-03-21T03:28:03Z">
          <reporter-output>
          </reporter-output>
        </test-method> <!-- registration -->
        <test-method status="PASS" signature="logout()[pri:0, instance:testng.Test5@1ee9faa]" name="logout" duration-ms="8" started-at="2020-03-21T03:28:03Z" finished-at="2020-03-21T03:28:03Z">
          <reporter-output>
          </reporter-output>
        </test-method> <!-- logout -->
        <test-method status="PASS" signature="inbox()[pri:0, instance:testng.Test5@1ee9faa]" name="inbox" duration-ms="5" depends-on-groups="abc" started-at="2020-03-21T03:28:03Z" finished-at="2020-03-21T03:28:03Z">
          <reporter-output>
          </reporter-output>
        </test-method> <!-- inbox -->
      </class> <!-- testng.Test5 -->
    </test> <!-- Default test -->
  </suite> <!-- Default suite -->
</testng-results>
