<?xml version="1.0" encoding="UTF-8"?>
<!-- Generated by org.testng.reporters.JUnitXMLReporter -->
<testsuite hostname="Srinivas-PC" ignored="0" name="Test" tests="12" failures="0" timestamp="2020-03-29T19:38:02 IST" time="0.072" errors="0">
  <testcase name="add" time="0.01" classname="pack1.Test1"/>
  <testcase name="div" time="0.001" classname="pack1.Test1"/>
  <testcase name="mul" time="0.0" classname="pack1.Test1"/>
  <testcase name="sub" time="0.0" classname="pack1.Test1"/>
  <testcase name="add" time="0.0" classname="pack1.Test2"/>
  <testcase name="div" time="0.0" classname="pack1.Test2"/>
  <testcase name="mul" time="0.0" classname="pack1.Test2"/>
  <testcase name="sub" time="0.0" classname="pack1.Test2"/>
  <testcase name="add" time="0.0" classname="pack2.Test3"/>
  <testcase name="div" time="0.0" classname="pack2.Test3"/>
  <testcase name="mul" time="0.001" classname="pack2.Test3"/>
  <testcase name="sub" time="0.0" classname="pack2.Test3"/>
</testsuite> <!-- Test -->
